Linux 2.6.32-431.11.2.el6.x86_64 (melehan.nd.rl.ac.uk) 	06/05/2014 	_x86_64_	(24 CPU)

avg-cpu:  %user   %nice %system %iowait  %steal   %idle
           0.25    0.00    0.25    1.98    0.00   97.52

Device:            tps   Blk_read/s   Blk_wrtn/s   Blk_read   Blk_wrtn
sdi               7.82       169.63       442.71    2146588    5602368
sdj              42.88      5893.64         0.08   74581596       1024
sda              33.59      2890.25         0.25   36574947       3184
sdb               0.02         0.14         0.00       1740          0
sdc               0.02         0.14         0.00       1740          0
sdd              30.99      2861.95       198.20   36216835    2508112
sde               0.02         0.14         0.00       1740          0
sdg              33.59      2888.36         0.17   36551010       2208
sdf              30.99      2860.27       195.05   36195582    2468232
sdh               0.02         0.14         0.00       1754          0
dm-0              0.03         0.21         0.00       2656          0
dm-1              1.60        13.23         7.35     167474      93056
dm-2             67.14      5778.34         0.43   73122463       5392
dm-3             61.95      5721.95       393.24   72408937    4976344
dm-5            722.36      5778.19         0.43   73120591       5392
dm-4            764.41      5721.80       393.24   72407065    4976344
dm-6            736.70      5893.49         0.08   74579690       1024
dm-7              0.05         0.41         0.00       5226         24
dm-8             51.32        30.85       398.05     390338    5037216
dm-9              9.04       122.55        37.30    1550818     472008
dm-10          1486.69     11499.91       393.67  145526618    4981736

avg-cpu:  %user   %nice %system %iowait  %steal   %idle
           5.12    0.00    8.83    1.36    0.00   84.70

Device:            tps   Blk_read/s   Blk_wrtn/s   Blk_read   Blk_wrtn
sdi              13.30         0.00      1551.20          0      15512
sdj               0.00         0.00         0.00          0          0
sda               0.00         0.00         0.00          0          0
sdb               0.00         0.00         0.00          0          0
sdc               0.00         0.00         0.00          0          0
sdd              98.50         2.40     79478.40         24     794784
sde               0.00         0.00         0.00          0          0
sdg               0.00         0.00         0.00          0          0
sdf              98.50         2.40     73140.00         24     731400
sdh               0.00         0.00         0.00          0          0
dm-0              0.00         0.00         0.00          0          0
dm-1              2.80         0.00        22.40          0        224
dm-2              0.00         0.00         0.00          0          0
dm-3            197.00         4.80    152618.40         48    1526184
dm-5              0.00         0.00         0.00          0          0
dm-4          19077.90         4.80    152618.40         48    1526184
dm-6              0.00         0.00         0.00          0          0
dm-7              0.00         0.00         0.00          0          0
dm-8            191.10         0.00      1528.80          0      15288
dm-9              0.00         0.00         0.00          0          0
dm-10         19077.90         4.80    152618.40         48    1526184

avg-cpu:  %user   %nice %system %iowait  %steal   %idle
           8.69    0.00    9.37    1.49    0.00   80.45

Device:            tps   Blk_read/s   Blk_wrtn/s   Blk_read   Blk_wrtn
sdi               2.10         0.00       100.00          0       1000
sdj               0.00         0.00         0.00          0          0
sda               0.00         0.00         0.00          0          0
sdb               0.00         0.00         0.00          0          0
sdc               0.00         0.00         0.00          0          0
sdd              97.70         2.40     73114.40         24     731144
sde               0.00         0.00         0.00          0          0
sdg               0.00         0.00         0.00          0          0
sdf              97.70         3.20     79336.80         32     793368
sdh               0.00         0.00         0.00          0          0
dm-0              0.00         0.00         0.00          0          0
dm-1              1.70         0.00        13.60          0        136
dm-2              0.00         0.00         0.00          0          0
dm-3            195.40         5.60    152451.20         56    1524512
dm-5              0.00         0.00         0.00          0          0
dm-4          19057.10         5.60    152451.20         56    1524512
dm-6              0.00         0.00         0.00          0          0
dm-7              0.00         0.00         0.00          0          0
dm-8             10.80         0.00        86.40          0        864
dm-9              0.00         0.00         0.00          0          0
dm-10         19057.10         5.60    152451.20         56    1524512

avg-cpu:  %user   %nice %system %iowait  %steal   %idle
           8.91    0.00    9.87    0.41    0.00   80.81

Device:            tps   Blk_read/s   Blk_wrtn/s   Blk_read   Blk_wrtn
sdi               6.00         0.00      1515.20          0      15152
sdj               0.00         0.00         0.00          0          0
sda               0.30         0.00         2.40          0         24
sdb               0.00         0.00         0.00          0          0
sdc               0.00         0.00         0.00          0          0
sdd              53.40         3.20     12546.40         32     125464
sde               0.00         0.00         0.00          0          0
sdg               0.30         0.00         2.40          0         24
sdf              53.40         1.60     13704.80         16     137048
sdh               0.00         0.00         0.00          0          0
dm-0              0.00         0.00         0.00          0          0
dm-1              0.50         0.00         4.00          0         40
dm-2              0.60         0.00         4.80          0         48
dm-3            106.80         4.80     26251.20         48     262512
dm-5              0.60         0.00         4.80          0         48
dm-4           3282.00         4.80     26251.20         48     262512
dm-6              0.00         0.00         0.00          0          0
dm-7              0.00         0.00         0.00          0          0
dm-8            188.90         0.00      1511.20          0      15112
dm-9              0.00         0.00         0.00          0          0
dm-10          3282.60         4.80     26256.00         48     262560

avg-cpu:  %user   %nice %system %iowait  %steal   %idle
           8.25    0.00    8.66    1.44    0.00   81.64

Device:            tps   Blk_read/s   Blk_wrtn/s   Blk_read   Blk_wrtn
sdi               1.50         0.00       128.00          0       1280
sdj               0.00         0.00         0.00          0          0
sda               0.00         0.00         0.00          0          0
sdb               0.00         0.00         0.00          0          0
sdc               0.00         0.00         0.00          0          0
sdd              72.20         3.20     62928.00         32     629280
sde               0.00         0.00         0.00          0          0
sdg               0.00         0.00         0.00          0          0
sdf              72.30         3.20     64238.40         32     642384
sdh               0.00         0.00         0.00          0          0
dm-0              0.00         0.00         0.00          0          0
dm-1              3.60         0.00        28.80          0        288
dm-2              0.00         0.00         0.00          0          0
dm-3            144.50         6.40    127166.40         64    1271664
dm-5              0.00         0.00         0.00          0          0
dm-4          15896.60         6.40    127166.40         64    1271664
dm-6              0.00         0.00         0.00          0          0
dm-7              0.00         0.00         0.00          0          0
dm-8             12.40         0.00        99.20          0        992
dm-9              0.00         0.00         0.00          0          0
dm-10         15896.60         6.40    127166.40         64    1271664

avg-cpu:  %user   %nice %system %iowait  %steal   %idle
           9.32    0.00    9.50    1.64    0.00   79.54

Device:            tps   Blk_read/s   Blk_wrtn/s   Blk_read   Blk_wrtn
sdi              17.00         0.00      1640.00          0      16400
sdj               0.00         0.00         0.00          0          0
sda               0.00         0.00         0.00          0          0
sdb               0.00         0.00         0.00          0          0
sdc               0.00         0.00         0.00          0          0
sdd             103.00         2.40     76263.20         24     762632
sde               0.00         0.00         0.00          0          0
sdg               0.00         0.00         0.00          0          0
sdf             102.90         3.20     76356.80         32     763568
sdh               0.00         0.00         0.00          0          0
dm-0              0.00         0.00         0.00          0          0
dm-1              3.10         0.00        24.80          0        248
dm-2              0.00         0.00         0.00          0          0
dm-3            205.90         5.60    152620.00         56    1526200
dm-5              0.00         0.00         0.00          0          0
dm-4          19078.20         5.60    152620.00         56    1526200
dm-6              0.00         0.00         0.00          0          0
dm-7              0.00         0.00         0.00          0          0
dm-8            201.90         0.00      1615.20          0      16152
dm-9              0.00         0.00         0.00          0          0
dm-10         19078.20         5.60    152620.00         56    1526200

avg-cpu:  %user   %nice %system %iowait  %steal   %idle
           7.98    0.00    4.34    1.35    0.00   86.33

Device:            tps   Blk_read/s   Blk_wrtn/s   Blk_read   Blk_wrtn
sdi               1.30         0.00        94.40          0        944
sdj               0.00         0.00         0.00          0          0
sda               0.10         0.00         0.80          0          8
sdb               0.00         0.00         0.00          0          0
sdc               0.00         0.00         0.00          0          0
sdd             127.90         4.00     79228.80         40     792288
sde               0.00         0.00         0.00          0          0
sdg               0.10         0.00         0.80          0          8
sdf             127.90         3.20     73858.40         32     738584
sdh               0.00         0.00         0.00          0          0
dm-0              0.00         0.00         0.00          0          0
dm-1              1.20         0.00         9.60          0         96
dm-2              0.20         0.00         1.60          0         16
dm-3            255.80         7.20    153087.20         72    1530872
dm-5              0.20         0.00         1.60          0         16
dm-4          19136.80         7.20    153087.20         72    1530872
dm-6              0.00         0.00         0.00          0          0
dm-7              0.00         0.00         0.00          0          0
dm-8             10.60         0.00        84.80          0        848
dm-9              0.00         0.00         0.00          0          0
dm-10         19137.00         7.20    153088.80         72    1530888

avg-cpu:  %user   %nice %system %iowait  %steal   %idle
           5.06    0.00    9.14    1.40    0.00   84.40

Device:            tps   Blk_read/s   Blk_wrtn/s   Blk_read   Blk_wrtn
sdi               1.50         0.00        98.40          0        984
sdj               0.00         0.00         0.00          0          0
sda               0.00         0.00         0.00          0          0
sdb               0.00         0.00         0.00          0          0
sdc               0.00         0.00         0.00          0          0
sdd              99.10         2.40     74696.80         24     746968
sde               0.00         0.00         0.00          0          0
sdg               0.00         0.00         0.00          0          0
sdf              98.40         2.40     77129.60         24     771296
sdh               0.00         0.00         0.00          0          0
dm-0              0.00         0.00         0.00          0          0
dm-1              3.20         0.00        25.60          0        256
dm-2              0.00         0.00         0.00          0          0
dm-3            197.50         4.80    151826.40         48    1518264
dm-5              0.00         0.00         0.00          0          0
dm-4          19057.00         4.80    152451.20         48    1524512
dm-6              0.00         0.00         0.00          0          0
dm-7              0.00         0.00         0.00          0          0
dm-8              9.10         0.00        72.80          0        728
dm-9              0.00         0.00         0.00          0          0
dm-10         19057.00         4.80    152451.20         48    1524512

avg-cpu:  %user   %nice %system %iowait  %steal   %idle
           8.83    0.00    9.68    1.87    0.00   79.63

Device:            tps   Blk_read/s   Blk_wrtn/s   Blk_read   Blk_wrtn
sdi              15.90         0.00      1564.00          0      15640
sdj               0.00         0.00         0.00          0          0
sda               0.00         0.00         0.00          0          0
sdb               0.00         0.00         0.00          0          0
sdc               0.00         0.00         0.00          0          0
sdd              98.10         4.80     76424.80         48     764248
sde               0.00         0.00         0.00          0          0
sdg               0.00         0.00         0.00          0          0
sdf              98.70         5.60     76721.60         56     767216
sdh               0.00         0.00         0.00          0          0
dm-0              0.00         0.00         0.00          0          0
dm-1              1.60         0.00        12.80          0        128
dm-2              0.00         0.00         0.00          0          0
dm-3            196.80        10.40    153146.40        104    1531464
dm-5              0.00         0.00         0.00          0          0
dm-4          19079.30        10.40    152624.00        104    1526240
dm-6              0.00         0.00         0.00          0          0
dm-7              0.00         0.00         0.00          0          0
dm-8            193.90         0.00      1551.20          0      15512
dm-9              0.00         0.00         0.00          0          0
dm-10         19079.30        10.40    152624.00        104    1526240

avg-cpu:  %user   %nice %system %iowait  %steal   %idle
           9.09    0.00    9.92    0.28    0.00   80.71

Device:            tps   Blk_read/s   Blk_wrtn/s   Blk_read   Blk_wrtn
sdi               2.10         0.00        77.60          0        776
sdj               0.00         0.00         0.00          0          0
sda               0.10         0.00         0.80          0          8
sdb               0.00         0.00         0.00          0          0
sdc               0.00         0.00         0.00          0          0
sdd              55.70         3.20     32481.60         32     324816
sde               0.00         0.00         0.00          0          0
sdg               0.20         0.00         1.60          0         16
sdf              47.70         2.40     24288.00         24     242880
sdh               0.00         0.00         0.00          0          0
dm-0              0.00         0.00         0.00          0          0
dm-1              1.70         0.00        13.60          0        136
dm-2              0.30         0.00         2.40          0         24
dm-3            103.40         5.60     56811.20         56     568112
dm-5              0.30         0.00         2.40          0         24
dm-4           8846.70         5.60     70768.00         56     707680
dm-6              0.00         0.00         0.00          0          0
dm-7              0.00         0.00         0.00          0          0
dm-8              8.00         0.00        64.00          0        640
dm-9              0.00         0.00         0.00          0          0
dm-10          8847.00         5.60     70770.40         56     707704

avg-cpu:  %user   %nice %system %iowait  %steal   %idle
           8.85    0.00    9.08    1.08    0.00   81.00

Device:            tps   Blk_read/s   Blk_wrtn/s   Blk_read   Blk_wrtn
sdi               6.80         0.00      1515.20          0      15152
sdj               0.00         0.00         0.00          0          0
sda               0.00         0.00         0.00          0          0
sdb               0.00         0.00         0.00          0          0
sdc               0.00         0.00         0.00          0          0
sdd              60.70         2.40     44724.80         24     447248
sde               0.00         0.00         0.00          0          0
sdg               0.00         0.00         0.00          0          0
sdf              68.90         3.20     51743.20         32     517432
sdh               0.00         0.00         0.00          0          0
dm-0              0.00         0.00         0.00          0          0
dm-1              4.00         0.00        32.00          0        320
dm-2              0.00         0.00         0.00          0          0
dm-3            129.60         5.60     96426.40         56     964264
dm-5              0.00         0.00         0.00          0          0
dm-4          10296.60         5.60     82367.20         56     823672
dm-6              0.00         0.00         0.00          0          0
dm-7              0.00         0.00         0.00          0          0
dm-8            185.40         0.00      1483.20          0      14832
dm-9              0.00         0.00         0.00          0          0
dm-10         10296.60         5.60     82367.20         56     823672

avg-cpu:  %user   %nice %system %iowait  %steal   %idle
           9.35    0.00    9.56    1.29    0.00   79.80

Device:            tps   Blk_read/s   Blk_wrtn/s   Blk_read   Blk_wrtn
sdi               2.80         0.00       143.20          0       1432
sdj               0.00         0.00         0.00          0          0
sda               0.00         0.00         0.00          0          0
sdb               0.00         0.00         0.00          0          0
sdc               0.00         0.00         0.00          0          0
sdd              96.40         2.40     79014.40         24     790144
sde               0.00         0.00         0.00          0          0
sdg               0.00         0.00         0.00          0          0
sdf              96.30         3.20     73601.60         32     736016
sdh               0.00         0.00         0.00          0          0
dm-0              0.00         0.00         0.00          0          0
dm-1              2.60         0.00        20.80          0        208
dm-2              0.00         0.00         0.00          0          0
dm-3            192.70         5.60    152616.00         56    1526160
dm-5              0.00         0.00         0.00          0          0
dm-4          19077.70         5.60    152616.00         56    1526160
dm-6              0.00         0.00         0.00          0          0
dm-7              0.00         0.00         0.00          0          0
dm-8             15.30         0.00       122.40          0       1224
dm-9              0.00         0.00         0.00          0          0
dm-10         19077.70         5.60    152616.00         56    1526160

avg-cpu:  %user   %nice %system %iowait  %steal   %idle
           9.61    0.00    7.42    1.84    0.00   81.14

Device:            tps   Blk_read/s   Blk_wrtn/s   Blk_read   Blk_wrtn
sdi              13.20         0.00      1561.60          0      15616
sdj               0.00         0.00         0.00          0          0
sda               0.00         0.00         0.00          0          0
sdb               0.00         0.00         0.00          0          0
sdc               0.00         0.00         0.00          0          0
sdd              83.90         0.00     76633.60          0     766336
sde               0.00         0.00         0.00          0          0
sdg               0.00         0.00         0.00          0          0
sdf              84.00         0.00     75982.40          0     759824
sdh               0.00         0.00         0.00          0          0
dm-0              0.00         0.00         0.00          0          0
dm-1              2.30         0.00        18.40          0        184
dm-2              0.00         0.00         0.00          0          0
dm-3            167.90         0.00    152616.00          0    1526160
dm-5              0.00         0.00         0.00          0          0
dm-4          19077.00         0.00    152616.00          0    1526160
dm-6              0.00         0.00         0.00          0          0
dm-7              0.00         0.00         0.00          0          0
dm-8            192.90         0.00      1543.20          0      15432
dm-9              0.00         0.00         0.00          0          0
dm-10         19077.00         0.00    152616.00          0    1526160

avg-cpu:  %user   %nice %system %iowait  %steal   %idle
           5.88    0.00    6.08    1.23    0.00   86.81

Device:            tps   Blk_read/s   Blk_wrtn/s   Blk_read   Blk_wrtn
sdi               1.20         0.00       133.60          0       1336
sdj               0.00         0.00         0.00          0          0
sda               0.10         0.00         0.80          0          8
sdb               0.00         0.00         0.00          0          0
sdc               0.00         0.00         0.00          0          0
sdd             125.50         2.40     77846.40         24     778464
sde               0.00         0.00         0.00          0          0
sdg               0.00         0.00         0.00          0          0
sdf             125.50         2.40     75245.60         24     752456
sdh               0.00         0.00         0.00          0          0
dm-0              0.00         0.00         0.00          0          0
dm-1              2.50         0.00        20.00          0        200
dm-2              0.10         0.00         0.80          0          8
dm-3            251.00         4.80    153092.00         48    1530920
dm-5              0.10         0.00         0.80          0          8
dm-4          19137.10         4.80    153092.00         48    1530920
dm-6              0.00         0.00         0.00          0          0
dm-7              0.00         0.00         0.00          0          0
dm-8             14.20         0.00       113.60          0       1136
dm-9              0.00         0.00         0.00          0          0
dm-10         19137.20         4.80    153092.80         48    1530928

avg-cpu:  %user   %nice %system %iowait  %steal   %idle
           7.20    0.00    9.38    1.51    0.00   81.91

Device:            tps   Blk_read/s   Blk_wrtn/s   Blk_read   Blk_wrtn
sdi               7.50         0.00      1546.40          0      15464
sdj               0.00         0.00         0.00          0          0
sda               0.00         0.00         0.00          0          0
sdb               0.00         0.00         0.00          0          0
sdc               0.00         0.00         0.00          0          0
sdd              96.90         2.40     77960.80         24     779608
sde               0.00         0.00         0.00          0          0
sdg               0.00         0.00         0.00          0          0
sdf              96.80         2.40     74655.20         24     746552
sdh               0.00         0.00         0.00          0          0
dm-0              0.00         0.00         0.00          0          0
dm-1              3.30         0.00        26.40          0        264
dm-2              0.00         0.00         0.00          0          0
dm-3            193.70         4.80    152616.00         48    1526160
dm-5              0.00         0.00         0.00          0          0
dm-4          19077.60         4.80    152616.00         48    1526160
dm-6              0.00         0.00         0.00          0          0
dm-7              0.00         0.00         0.00          0          0
dm-8            190.00         0.00      1520.00          0      15200
dm-9              0.00         0.00         0.00          0          0
dm-10         19077.60         4.80    152616.00         48    1526160

avg-cpu:  %user   %nice %system %iowait  %steal   %idle
           8.79    0.00    9.81    1.23    0.00   80.16

Device:            tps   Blk_read/s   Blk_wrtn/s   Blk_read   Blk_wrtn
sdi               7.50         0.00       121.60          0       1216
sdj               0.00         0.00         0.00          0          0
sda               0.00         0.00         0.00          0          0
sdb               0.00         0.00         0.00          0          0
sdc               0.00         0.00         0.00          0          0
sdd              74.00         2.40     61567.20         24     615672
sde               0.00         0.00         0.00          0          0
sdg               0.00         0.00         0.00          0          0
sdf              74.00         2.40     56540.80         24     565408
sdh               0.00         0.00         0.00          0          0
dm-0              0.00         0.00         0.00          0          0
dm-1              1.80         0.00        14.40          0        144
dm-2              0.00         0.00         0.00          0          0
dm-3            148.00         4.80    118108.00         48    1181080
dm-5              0.00         0.00         0.00          0          0
dm-4          14764.10         4.80    118108.00         48    1181080
dm-6              0.00         0.00         0.00          0          0
dm-7              0.00         0.00         0.00          0          0
dm-8             20.80         0.00       166.40          0       1664
dm-9              0.00         0.00         0.00          0          0
dm-10         14764.10         4.80    118108.00         48    1181080

avg-cpu:  %user   %nice %system %iowait  %steal   %idle
           9.18    0.00    9.55    0.32    0.00   80.95

Device:            tps   Blk_read/s   Blk_wrtn/s   Blk_read   Blk_wrtn
sdi               6.10         0.00      1555.20          0      15552
sdj               0.00         0.00         0.00          0          0
sda               0.00         0.00         0.00          0          0
sdb               0.00         0.00         0.00          0          0
sdc               0.00         0.00         0.00          0          0
sdd              36.10         2.40     16511.20         24     165112
sde               0.00         0.00         0.00          0          0
sdg               0.00         0.00         0.00          0          0
sdf              36.40         2.40     18290.40         24     182904
sdh               0.00         0.00         0.00          0          0
dm-0              0.00         0.00         0.00          0          0
dm-1              2.90         0.00        23.20          0        232
dm-2              0.00         0.00         0.00          0          0
dm-3             72.60         4.80     34802.40         48     348024
dm-5              0.00         0.00         0.00          0          0
dm-4           4366.60         4.80     34928.00         48     349280
dm-6              0.00         0.00         0.00          0          0
dm-7              0.00         0.00         0.00          0          0
dm-8            184.10         0.00      1472.80          0      14728
dm-9              0.00         0.00         0.00          0          0
dm-10          4366.60         4.80     34928.00         48     349280

avg-cpu:  %user   %nice %system %iowait  %steal   %idle
           8.46    0.00    8.97    1.99    0.00   80.57

Device:            tps   Blk_read/s   Blk_wrtn/s   Blk_read   Blk_wrtn
sdi               2.60         0.00       144.80          0       1448
sdj               0.00         0.00         0.00          0          0
sda               0.00         0.00         0.00          0          0
sdb               0.00         0.00         0.00          0          0
sdc               0.00         0.00         0.00          0          0
sdd              87.60         3.20     76183.20         32     761832
sde               0.00         0.00         0.00          0          0
sdg               0.10         0.00         0.80          0          8
sdf              87.40         2.40     76620.80         24     766208
sdh               0.00         0.00         0.00          0          0
dm-0              0.00         0.00         0.00          0          0
dm-1              4.00         0.00        32.00          0        320
dm-2              0.10         0.00         0.80          0          8
dm-3            174.90         5.60    152803.20         56    1528032
dm-5              0.10         0.00         0.80          0          8
dm-4          19085.40         5.60    152677.60         56    1526776
dm-6              0.00         0.00         0.00          0          0
dm-7              0.00         0.00         0.00          0          0
dm-8             14.10         0.00       112.80          0       1128
dm-9              0.00         0.00         0.00          0          0
dm-10         19085.50         5.60    152678.40         56    1526784

avg-cpu:  %user   %nice %system %iowait  %steal   %idle
           9.54    0.00    9.53    1.23    0.00   79.70

Device:            tps   Blk_read/s   Blk_wrtn/s   Blk_read   Blk_wrtn
sdi               6.20         0.00      1523.20          0      15232
sdj               0.00         0.00         0.00          0          0
sda               0.00         0.00         0.00          0          0
sdb               0.00         0.00         0.00          0          0
sdc               0.00         0.00         0.00          0          0
sdd              97.80         0.80     75522.40          8     755224
sde               0.00         0.00         0.00          0          0
sdg               0.00         0.00         0.00          0          0
sdf              97.80         1.60     77096.00         16     770960
sdh               0.00         0.00         0.00          0          0
dm-0              0.00         0.00         0.00          0          0
dm-1              1.00         0.00         8.00          0         80
dm-2              0.00         0.00         0.00          0          0
dm-3            195.60         2.40    152618.40         24    1526184
dm-5              0.00         0.00         0.00          0          0
dm-4          19077.60         2.40    152618.40         24    1526184
dm-6              0.00         0.00         0.00          0          0
dm-7              0.00         0.00         0.00          0          0
dm-8            189.40         0.00      1515.20          0      15152
dm-9              0.00         0.00         0.00          0          0
dm-10         19077.60         2.40    152618.40         24    1526184

avg-cpu:  %user   %nice %system %iowait  %steal   %idle
           7.62    0.00    4.29    1.23    0.00   86.86

Device:            tps   Blk_read/s   Blk_wrtn/s   Blk_read   Blk_wrtn
sdi               7.80         0.00       180.80          0       1808
sdj               0.00         0.00         0.00          0          0
sda               0.00         0.00         0.00          0          0
sdb               0.00         0.00         0.00          0          0
sdc               0.00         0.00         0.00          0          0
sdd              94.10         1.60     76486.40         16     764864
sde               0.00         0.00         0.00          0          0
sdg               0.00         0.00         0.00          0          0
sdf              94.00         0.80     76130.40          8     761304
sdh               0.00         0.00         0.00          0          0
dm-0              0.00         0.00         0.00          0          0
dm-1              3.50         0.00        28.00          0        280
dm-2              0.00         0.00         0.00          0          0
dm-3            188.10         2.40    152616.80         24    1526168
dm-5              0.00         0.00         0.00          0          0
dm-4          19077.40         2.40    152616.80         24    1526168
dm-6              0.00         0.00         0.00          0          0
dm-7              0.00         0.00         0.00          0          0
dm-8             19.10         0.00       152.80          0       1528
dm-9              0.00         0.00         0.00          0          0
dm-10         19077.40         2.40    152616.80         24    1526168

avg-cpu:  %user   %nice %system %iowait  %steal   %idle
           5.53    0.00    8.86    1.46    0.00   84.15

Device:            tps   Blk_read/s   Blk_wrtn/s   Blk_read   Blk_wrtn
sdi               0.60         0.00        96.80          0        968
sdj               0.00         0.00         0.00          0          0
sda               0.00         0.00         0.00          0          0
sdb               0.00         0.00         0.00          0          0
sdc               0.00         0.00         0.00          0          0
sdd              96.20         1.60     77576.80         16     775768
sde               0.00         0.00         0.00          0          0
sdg               0.00         0.00         0.00          0          0
sdf              96.20         3.20     75041.60         32     750416
sdh               0.00         0.00         0.00          0          0
dm-0              0.00         0.00         0.00          0          0
dm-1              0.90         0.00         7.20          0         72
dm-2              0.00         0.00         0.00          0          0
dm-3            192.40         4.80    152618.40         48    1526184
dm-5              0.00         0.00         0.00          0          0
dm-4          19077.90         4.80    152618.40         48    1526184
dm-6              0.00         0.00         0.00          0          0
dm-7              0.00         0.00         0.00          0          0
dm-8             11.20         0.00        89.60          0        896
dm-9              0.00         0.00         0.00          0          0
dm-10         19077.90         4.80    152618.40         48    1526184

avg-cpu:  %user   %nice %system %iowait  %steal   %idle
           8.94    0.00    9.55    1.52    0.00   80.00

Device:            tps   Blk_read/s   Blk_wrtn/s   Blk_read   Blk_wrtn
sdi               6.70         0.00      1489.60          0      14896
sdj               0.00         0.00         0.00          0          0
sda               0.20         0.00         1.60          0         16
sdb               0.00         0.00         0.00          0          0
sdc               0.00         0.00         0.00          0          0
sdd             135.10         2.40     79336.00         24     793360
sde               0.00         0.00         0.00          0          0
sdg               0.10         0.00         0.80          0          8
sdf             135.20         2.40     73908.00         24     739080
sdh               0.00         0.00         0.00          0          0
dm-0              0.00         0.00         0.00          0          0
dm-1              2.80         0.00        22.40          0        224
dm-2              0.30         0.00         2.40          0         24
dm-3            270.30         4.80    153244.00         48    1532440
dm-5              0.30         0.00         2.40          0         24
dm-4          19156.10         4.80    153244.00         48    1532440
dm-6              0.00         0.00         0.00          0          0
dm-7              0.00         0.00         0.00          0          0
dm-8            183.40         0.00      1467.20          0      14672
dm-9              0.00         0.00         0.00          0          0
dm-10         19156.40         4.80    153246.40         48    1532464

avg-cpu:  %user   %nice %system %iowait  %steal   %idle
           8.61    0.00    9.76    0.76    0.00   80.87

Device:            tps   Blk_read/s   Blk_wrtn/s   Blk_read   Blk_wrtn
sdi               8.40         0.00       163.20          0       1632
sdj               0.00         0.00         0.00          0          0
sda               0.00         0.00         0.00          0          0
sdb               0.00         0.00         0.00          0          0
sdc               0.00         0.00         0.00          0          0
sdd              26.40         2.40     20543.20         24     205432
sde               0.00         0.00         0.00          0          0
sdg               0.00         0.00         0.00          0          0
sdf              26.30         3.20     22383.20         32     223832
sdh               0.00         0.00         0.00          0          0
dm-0              0.00         0.00         0.00          0          0
dm-1              2.40         0.00        19.20          0        192
dm-2              0.00         0.00         0.00          0          0
dm-3             52.70         5.60     42926.40         56     429264
dm-5              0.00         0.00         0.00          0          0
dm-4           5366.50         5.60     42926.40         56     429264
dm-6              0.00         0.00         0.00          0          0
dm-7              0.00         0.00         0.00          0          0
dm-8             18.00         0.00       144.00          0       1440
dm-9              0.00         0.00         0.00          0          0
dm-10          5366.50         5.60     42926.40         56     429264

avg-cpu:  %user   %nice %system %iowait  %steal   %idle
           8.56    0.00    8.86    1.13    0.00   81.44

Device:            tps   Blk_read/s   Blk_wrtn/s   Blk_read   Blk_wrtn
sdi               6.10         0.00      1511.20          0      15112
sdj               0.00         0.00         0.00          0          0
sda               0.00         0.00         0.00          0          0
sdb               0.00         0.00         0.00          0          0
sdc               0.00         0.00         0.00          0          0
sdd              65.40         2.40     53242.40         24     532424
sde               0.00         0.00         0.00          0          0
sdg               0.00         0.00         0.00          0          0
sdf              65.50         2.40     56459.20         24     564592
sdh               0.00         0.00         0.00          0          0
dm-0              0.00         0.00         0.00          0          0
dm-1              1.50         0.00        12.00          0        120
dm-2              0.00         0.00         0.00          0          0
dm-3            130.90         4.80    109701.60         48    1097016
dm-5              0.00         0.00         0.00          0          0
dm-4          13713.30         4.80    109701.60         48    1097016
dm-6              0.00         0.00         0.00          0          0
dm-7              0.00         0.00         0.00          0          0
dm-8            187.40         0.00      1499.20          0      14992
dm-9              0.00         0.00         0.00          0          0
dm-10         13713.30         4.80    109701.60         48    1097016

avg-cpu:  %user   %nice %system %iowait  %steal   %idle
           9.52    0.00    9.40    1.37    0.00   79.70

Device:            tps   Blk_read/s   Blk_wrtn/s   Blk_read   Blk_wrtn
sdi               2.40         0.00        93.60          0        936
sdj               0.00         0.00         0.00          0          0
sda               0.00         0.00         0.00          0          0
sdb               0.00         0.00         0.00          0          0
sdc               0.00         0.00         0.00          0          0
sdd              92.00         1.60     73090.40         16     730904
sde               0.00         0.00         0.00          0          0
sdg               0.00         0.00         0.00          0          0
sdf              91.90         1.60     79525.60         16     795256
sdh               0.00         0.00         0.00          0          0
dm-0              0.00         0.00         0.00          0          0
dm-1              2.90         0.00        23.20          0        232
dm-2              0.00         0.00         0.00          0          0
dm-3            183.90         3.20    152616.00         32    1526160
dm-5              0.00         0.00         0.00          0          0
dm-4          19077.40         3.20    152616.00         32    1526160
dm-6              0.00         0.00         0.00          0          0
dm-7              0.00         0.00         0.00          0          0
dm-8              8.80         0.00        70.40          0        704
dm-9              0.00         0.00         0.00          0          0
dm-10         19077.40         3.20    152616.00         32    1526160

avg-cpu:  %user   %nice %system %iowait  %steal   %idle
           8.01    0.00    4.21    1.73    0.00   86.05

Device:            tps   Blk_read/s   Blk_wrtn/s   Blk_read   Blk_wrtn
sdi               6.20         0.00      1528.80          0      15288
sdj               0.00         0.00         0.00          0          0
sda               0.00         0.00         0.00          0          0
sdb               0.00         0.00         0.00          0          0
sdc               0.00         0.00         0.00          0          0
sdd             124.60         0.80     78388.80          8     783888
sde               0.00         0.00         0.00          0          0
sdg               0.00         0.00         0.00          0          0
sdf             124.70         2.40     74705.60         24     747056
sdh               0.00         0.00         0.00          0          0
dm-0              0.00         0.00         0.00          0          0
dm-1              3.90         0.00        31.20          0        312
dm-2              0.00         0.00         0.00          0          0
dm-3            249.30         3.20    153094.40         32    1530944
dm-5              0.00         0.00         0.00          0          0
dm-4          19137.20         3.20    153094.40         32    1530944
dm-6              0.00         0.00         0.00          0          0
dm-7              0.00         0.00         0.00          0          0
dm-8            187.20         0.00      1497.60          0      14976
dm-9              0.00         0.00         0.00          0          0
dm-10         19137.20         3.20    153094.40         32    1530944

avg-cpu:  %user   %nice %system %iowait  %steal   %idle
           4.93    0.00    9.10    1.38    0.00   84.59

Device:            tps   Blk_read/s   Blk_wrtn/s   Blk_read   Blk_wrtn
sdi               9.10         0.00       176.00          0       1760
sdj               0.00         0.00         0.00          0          0
sda               0.00         0.00         0.00          0          0
sdb               0.00         0.00         0.00          0          0
sdc               0.00         0.00         0.00          0          0
sdd              96.90         2.40     76260.00         24     762600
sde               0.00         0.00         0.00          0          0
sdg               0.00         0.00         0.00          0          0
sdf              96.90         2.40     76356.80         24     763568
sdh               0.00         0.00         0.00          0          0
dm-0              0.00         0.00         0.00          0          0
dm-1              0.90         0.00         7.20          0         72
dm-2              0.00         0.00         0.00          0          0
dm-3            193.80         4.80    152616.80         48    1526168
dm-5              0.00         0.00         0.00          0          0
dm-4          19077.70         4.80    152616.80         48    1526168
dm-6              0.00         0.00         0.00          0          0
dm-7              0.00         0.00         0.00          0          0
dm-8             21.10         0.00       168.80          0       1688
dm-9              0.00         0.00         0.00          0          0
dm-10         19077.70         4.80    152616.80         48    1526168

avg-cpu:  %user   %nice %system %iowait  %steal   %idle
           8.69    0.00    9.53    1.50    0.00   80.28

Device:            tps   Blk_read/s   Blk_wrtn/s   Blk_read   Blk_wrtn
sdi               5.70         0.00      1478.40          0      14784
sdj               0.00         0.00         0.00          0          0
sda               0.00         0.00         0.00          0          0
sdb               0.00         0.00         0.00          0          0
sdc               0.00         0.00         0.00          0          0
sdd              98.60         2.40     74662.40         24     746624
sde               0.00         0.00         0.00          0          0
sdg               0.00         0.00         0.00          0          0
sdf              98.50         2.40     77960.80         24     779608
sdh               0.00         0.00         0.00          0          0
dm-0              0.00         0.00         0.00          0          0
dm-1              0.00         0.00         0.00          0          0
dm-2              0.00         0.00         0.00          0          0
dm-3            197.10         4.80    152623.20         48    1526232
dm-5              0.00         0.00         0.00          0          0
dm-4          19078.50         4.80    152623.20         48    1526232
dm-6              0.00         0.00         0.00          0          0
dm-7              0.00         0.00         0.00          0          0
dm-8            184.80         0.00      1478.40          0      14784
dm-9              0.00         0.00         0.00          0          0
dm-10         19078.50         4.80    152623.20         48    1526232

avg-cpu:  %user   %nice %system %iowait  %steal   %idle
           8.93    0.00    9.49    0.79    0.00   80.80

Device:            tps   Blk_read/s   Blk_wrtn/s   Blk_read   Blk_wrtn
sdi               2.60         0.00       143.20          0       1432
sdj               0.00         0.00         0.00          0          0
sda               0.00         0.00         0.00          0          0
sdb               0.00         0.00         0.00          0          0
sdc               0.00         0.00         0.00          0          0
sdd              31.10         3.20     27272.00         32     272720
sde               0.00         0.00         0.00          0          0
sdg               0.00         0.00         0.00          0          0
sdf              31.20         0.80     25276.80          8     252768
sdh               0.00         0.00         0.00          0          0
dm-0              0.00         0.00         0.00          0          0
dm-1              5.20         0.00        41.60          0        416
dm-2              0.00         0.00         0.00          0          0
dm-3             62.30         4.00     52548.80         40     525488
dm-5              0.00         0.00         0.00          0          0
dm-4           6569.10         4.00     52548.80         40     525488
dm-6              0.00         0.00         0.00          0          0
dm-7              0.00         0.00         0.00          0          0
dm-8             12.70         0.00       101.60          0       1016
dm-9              0.00         0.00         0.00          0          0
dm-10          6569.10         4.00     52548.80         40     525488

avg-cpu:  %user   %nice %system %iowait  %steal   %idle
           9.75    0.00    9.21    0.28    0.00   80.77

Device:            tps   Blk_read/s   Blk_wrtn/s   Blk_read   Blk_wrtn
sdi              13.90         0.00      1595.20          0      15952
sdj               0.00         0.00         0.00          0          0
sda               0.10         0.00         0.80          0          8
sdb               0.00         0.00         0.00          0     