makesqw_TEST1
--------------------------------------------------------------------------------
Calculating limits of data for 231 spe files...
Time to compute limits:
Elapsed time is 6.509 seconds
    CPU time is 0 seconds
 System time is  2014/06/16 15:44:01
--------------------------------------------------------------------------------
Processing spe file 1 of 231:
 
Time to read spe and detector data:
Elapsed time is 1.6003 seconds
    CPU time is 0 seconds
 
Calculating projections...
Sorting pixels ...
Time to convert from spe to sqw data:
Elapsed time is 53.6079 seconds
    CPU time is 0 seconds
 System time is  2014/06/16 15:44:57
 
Writing to /data/hor_test/MER19566_22.0meV_one2one125.tmp...
Time to save sqw data to file:
Elapsed time is 7.4088 seconds
    CPU time is 0 seconds
 System time is  2014/06/16 15:45:04
--------------------------------------------------------------------------------
Processing spe file 2 of 231:
 
Time to read spe and detector data:
Elapsed time is 1.3963 seconds
    CPU time is 0 seconds
 
Calculating projections...
Sorting pixels ...
Time to convert from spe to sqw data:
Elapsed time is 42.279 seconds
    CPU time is 448.87 seconds
 System time is  2014/06/16 15:45:48
 
Writing to /data/hor_test/MER19566_22.0meV_one2one125_2.tmp...
Time to save sqw data to file:
Elapsed time is 4.7713 seconds
    CPU time is 0 seconds
 System time is  2014/06/16 15:45:53
--------------------------------------------------------------------------------
Processing spe file 3 of 231:
 
Time to read spe and detector data:
Elapsed time is 1.4061 seconds
    CPU time is 0 seconds
 
Calculating projections...
Sorting pixels ...
{Operation terminated by user during <a href="matlab:helpUtils.errorDocCallback('calc_sqw', '/usr/local/mprogs/Horace/@sqw/private/calc_sqw.m', 115)" style="font-weight:bold">calc_sqw</a> (<a href="matlab: opentoline('/usr/local/mprogs/Horace/@sqw/private/calc_sqw.m',115,0)">line 115</a>)


In <a href="matlab:helpUtils.errorDocCallback('rundata_write_to_sqw', '/usr/local/mprogs/Horace/@sqw/private/rundata_write_to_sqw.m', 76)" style="font-weight:bold">rundata_write_to_sqw</a> (<a href="matlab: opentoline('/usr/local/mprogs/Horace/@sqw/private/rundata_write_to_sqw.m',76,0)">line 76</a>)
    [w, grid_size_tmp, urange_tmp]=calc_sqw(efix, emode, alatt,
    angdeg, u, v, psi,...

In <a href="matlab:helpUtils.errorDocCallback('sqw/gen_sqw', '/usr/local/mprogs/Horace/@sqw/gen_sqw.m', 284)" style="font-weight:bold">sqw/gen_sqw</a> (<a href="matlab: opentoline('/usr/local/mprogs/Horace/@sqw/gen_sqw.m',284,0)">line 284</a>)
    [grid_size,urange] = rundata_write_to_sqw
    (run_files,tmp_file,...

In <a href="matlab:helpUtils.errorDocCallback('gen_sqw', '/usr/local/mprogs/Horace/gen_sqw.m', 73)" style="font-weight:bold">gen_sqw</a> (<a href="matlab: opentoline('/usr/local/mprogs/Horace/gen_sqw.m',73,0)">line 73</a>)
[tmp_file,grid_size,urange] = gen_sqw (sqw, varargin{:});

In <a href="matlab:helpUtils.errorDocCallback('makesqw_TEST1', '/data/hor_test/makesqw_TEST1.m', 42)" style="font-weight:bold">makesqw_TEST1</a> (<a href="matlab: opentoline('/data/hor_test/makesqw_TEST1.m',42,0)">line 42</a>)
gen_sqw (spe22_file, par_file, sqw22_file, efix, emode, alatt,
angdeg,u, v, psi, omega, dpsi, gl, gs,'replicate');
} 
clear memory
clear all
clear classes
herbert_on
!==================================================================!
!         ISIS utilities for visualisation and analysis            !
!              of neutron spectroscopy data                        !
!------------------------------------------------------------------!

ans =

/usr/local/mprogs/Herbert

horace_on
!==================================================================!
!                      HORACE                                      !
!------------------------------------------------------------------!
!  Visualisation of multi-dimensional neutron spectroscopy data    !
!                                                                  !
!  T.G.Perring, J van Duijn, R.A.Ewings         November 2008      !
!------------------------------------------------------------------!
! Matlab  code: $Revision:: 877  $ ($Date:: 2014-06-10 12:35:28 $) !
! Mex files   :$Revisions:: 869-876($Date:: 2014-06-10 12:31:44 $) !
!------------------------------------------------------------------!

ans =

/usr/local/mprogs/Horace

makesqw_TEST1
--------------------------------------------------------------------------------
Calculating limits of data for 231 spe files...
Time to compute limits:
Elapsed time is 6.623 seconds
    CPU time is 0 seconds
 System time is  2014/06/16 15:47:11
--------------------------------------------------------------------------------
Processing spe file 1 of 231:
 
Time to read spe and detector data:
Elapsed time is 1.4333 seconds
    CPU time is 0 seconds
 
Calculating projections...
Sorting pixels ...
Time to convert from spe to sqw data:
Elapsed time is 11.2885 seconds
    CPU time is 0 seconds
 System time is  2014/06/16 15:47:23
 
Writing to /data/hor_test/MER19566_22.0meV_one2one125.tmp...
Time to save sqw data to file:
Elapsed time is 4.9758 seconds
    CPU time is 0 seconds
 System time is  2014/06/16 15:47:28
--------------------------------------------------------------------------------
Processing spe file 2 of 231:
 
Time to read spe and detector data:
Elapsed time is 1.4038 seconds
    CPU time is 0 seconds
 
Calculating projections...
Sorting pixels ...
Time to convert from spe to sqw data:
Elapsed time is 12.729 seconds
    CPU time is 0 seconds
 System time is  2014/06/16 15:47:43
 
Writing to /data/hor_test/MER19566_22.0meV_one2one125_2.tmp...
Time to save sqw data to file:
Elapsed time is 4.9627 seconds
    CPU time is 0 seconds
 System time is  2014/06/16 15:47:48
--------------------------------------------------------------------------------
Processing spe file 3 of 231:
 
Time to read spe and detector data:
Elapsed time is 1.4936 seconds
    CPU time is 0 seconds
 
Calculating projections...
Sorting pixels ...
Time to convert from spe to sqw data:
Elapsed time is 21.8183 seconds
    CPU time is 0 seconds
 System time is  2014/06/16 15:48:11
 
Writing to /data/hor_test/MER19566_22.0meV_one2one125_3.tmp...
Time to save sqw data to file:
Elapsed time is 4.5512 seconds
    CPU time is 0 seconds
 System time is  2014/06/16 15:48:15
--------------------------------------------------------------------------------
Processing spe file 4 of 231:
 
Time to read spe and detector data:
Elapsed time is 1.4034 seconds
    CPU time is 0 seconds
 
Calculating projections...
Sorting pixels ...
Time to convert from spe to sqw data:
Elapsed time is 23.626 seconds
    CPU time is 0 seconds
 System time is  2014/06/16 15:48:40
 
Writing to /data/hor_test/MER19566_22.0meV_one2one125_4.tmp...
Time to save sqw data to file:
Elapsed time is 4.532 seconds
    CPU time is 0 seconds
 System time is  2014/06/16 15:48:45
--------------------------------------------------------------------------------
Processing spe file 5 of 231:
 
Time to read spe and detector data:
Elapsed time is 1.4717 seconds
    CPU time is 0 seconds
 
Calculating projections...
Sorting pixels ...
Time to convert from spe to sqw data:
Elapsed time is 21.7926 seconds
    CPU time is 0 seconds
 System time is  2014/06/16 15:49:08
 
Writing to /data/hor_test/MER19566_22.0meV_one2one125_5.tmp...
{Operation terminated by user during <a href="matlab:helpUtils.errorDocCallback('put_sqw_data', '/usr/local/mprogs/Horace/@sqw/private/put_sqw_data.m', 351)" style="font-weight:bold">put_sqw_data</a> (<a href="matlab: opentoline('/usr/local/mprogs/Horace/@sqw/private/put_sqw_data.m',351,0)">line 351</a>)


In <a href="matlab:helpUtils.errorDocCallback('put_sqw', '/usr/local/mprogs/Horace/@sqw/private/put_sqw.m', 267)" style="font-weight:bold">put_sqw</a> (<a href="matlab: opentoline('/usr/local/mprogs/Horace/@sqw/private/put_sqw.m',267,0)">line 267</a>)
    [mess,position_data,npixtot_written,data_type_written] =
    put_sqw_data (fid, data, varargin{:});

In <a href="matlab:helpUtils.errorDocCallback('sqw/save', '/usr/local/mprogs/Horace/@sqw/save.m', 46)" style="font-weight:bold">sqw/save</a> (<a href="matlab: opentoline('/usr/local/mprogs/Horace/@sqw/save.m',46,0)">line 46</a>)
    mess = put_sqw
    (file_internal{i},w(i).main_header,w(i).header,w(i).detpar,w(i).data);
    
In <a href="matlab:helpUtils.errorDocCallback('rundata_write_to_sqw', '/usr/local/mprogs/Horace/@sqw/private/rundata_write_to_sqw.m', 96)" style="font-weight:bold">rundata_write_to_sqw</a> (<a href="matlab: opentoline('/usr/local/mprogs/Horace/@sqw/private/rundata_write_to_sqw.m',96,0)">line 96</a>)
    save(w,sqw_file{i});

In <a href="matlab:helpUtils.errorDocCallback('sqw/gen_sqw', '/usr/local/mprogs/Horace/@sqw/gen_sqw.m', 284)" style="font-weight:bold">sqw/gen_sqw</a> (<a href="matlab: opentoline('/usr/local/mprogs/Horace/@sqw/gen_sqw.m',284,0)">line 284</a>)
    [grid_size,urange] = rundata_write_to_sqw
    (run_files,tmp_file,...

In <a href="matlab:helpUtils.errorDocCallback('gen_sqw', '/usr/local/mprogs/Horace/gen_sqw.m', 73)" style="font-weight:bold">gen_sqw</a> (<a href="matlab: opentoline('/usr/local/mprogs/Horace/gen_sqw.m',73,0)">line 73</a>)
[tmp_file,grid_size,urange] = gen_sqw (sqw, varargin{:});

In <a href="matlab:helpUtils.errorDocCallback('makesqw_TEST1', '/data/hor_test/makesqw_TEST1.m', 42)" style="font-weight:bold">makesqw_TEST1</a> (<a href="matlab: opentoline('/data/hor_test/makesqw_TEST1.m',42,0)">line 42</a>)
gen_sqw (spe22_file, par_file, sqw22_file, efix, emode, alatt,
angdeg,u, v, psi, omega, dpsi, gl, gs,'replicate');
} 
