----------------------------------------------------------------------
:November,28,2013::07:47PM:: Starting cron jobs for parameters: job_description.xml
:November,28,2013::07:47PM:: Dry Run  build Debug run for Mantid, branch __master_6171 located in: d:/Data/Mantid_GIT_test/ 
:November,28,2013::07:47PM:: Dry Run  build Release run for Mantid, branch __master_6171 located in: d:/Data/Mantid_GIT_test/ 
:November,28,2013::07:47PM:: Dry Run  build Debug run for Mantid, branch __master_7645 located in: d:/Data/Mantid_GIT_test/ 
:November,28,2013::07:47PM:: Dry Run  build Release run for Mantid, branch __master_7645 located in: d:/Data/Mantid_GIT_test/ 
:November,28,2013::07:48PM:: Dry Run  build Release run for Mantid, branch feature7529/ConvertToMD_Autolimits located in: c:/Mantid/ 
:November,28,2013::07:48PM:: Dry Run  build Debug run for Mantid, branch feature7529/ConvertToMD_Autolimits located in: c:/Mantid/ 
:November,28,2013::07:48PM:: Dry Run  build RelWithDebInfo run for Mantid, branch feature7529/ConvertToMD_Autolimits located in: c:/Mantid/ 
:November,28,2013::07:48PM:: Dry Run  build Release run for Mantid, branch master located in: c:/Mantid/ 
:November,28,2013::07:48PM:: Dry Run  build Debug run for Mantid, branch master located in: c:/Mantid/ 
:November,28,2013::07:48PM:: Dry Run  build RelWithDebInfo run for Mantid, branch master located in: c:/Mantid/ 
:November,28,2013::07:48PM:: Dry Run  build Release run for Mantid, branch master located in: d:/Data/Mantid_GIT_test/ 
:November,28,2013::07:48PM:: Dry Run  build Debug run for Mantid, branch master located in: d:/Data/Mantid_GIT_test/ 
:November,28,2013::07:48PM:: Dry Run  build RelWithDebInfo run for Mantid, branch master located in: d:/Data/Mantid_GIT_test/ 
:November,28,2013::07:48PM:: finished Mantid cron job job_description.xml
--------------------------------
----------------------------------------------------------------------
:November,28,2013::07:53PM:: Starting cron jobs for parameters: job_description.xml
:November,28,2013::07:53PM:: Starting Debug run for Mantid, branch __master_6171 located in: d:/Data/Mantid_GIT_test/ 
:November,28,2013::08:24PM:: Finished Debug run for Mantid, branch 6171 
:November,28,2013::08:24PM:: Starting Release run for Mantid, branch __master_6171 located in: d:/Data/Mantid_GIT_test/ 
:November,28,2013::08:55PM:: Finished Release run for Mantid, branch 6171 
:November,28,2013::08:55PM:: Starting Debug run for Mantid, branch __master_7645 located in: d:/Data/Mantid_GIT_test/ 
:November,28,2013::09:26PM:: Finished Debug run for Mantid, branch 7645 
:November,28,2013::09:26PM:: Starting Release run for Mantid, branch __master_7645 located in: d:/Data/Mantid_GIT_test/ 
:November,28,2013::09:57PM:: Finished Release run for Mantid, branch 7645 
:November,28,2013::09:57PM:: Starting Release run for Mantid, branch feature7529/ConvertToMD_Autolimits located in: c:/Mantid/ 
:November,28,2013::10:01PM:: ERR: Can not execute msbuild for : Mantid.sln while builging target project Release
:November,28,2013::10:01PM:: Starting Debug run for Mantid, branch feature7529/ConvertToMD_Autolimits located in: c:/Mantid/ 
:November,28,2013::10:02PM:: ERR: Can not execute msbuild for : Mantid.sln while builging target project Debug
:November,28,2013::10:02PM:: Starting RelWithDebInfo run for Mantid, branch feature7529/ConvertToMD_Autolimits located in: c:/Mantid/ 
:November,28,2013::10:04PM:: ERR: Can not execute msbuild for : Mantid.sln while builging target project RelWithDebInfo
:November,28,2013::10:05PM:: Starting Release run for Mantid, branch master located in: c:/Mantid/ 
:November,28,2013::10:39PM:: Finished Release run for Mantid, branch master 
:November,28,2013::10:39PM:: Starting Debug run for Mantid, branch master located in: c:/Mantid/ 
:November,28,2013::11:10PM:: Finished Debug run for Mantid, branch master 
:November,28,2013::11:10PM:: Starting RelWithDebInfo run for Mantid, branch master located in: c:/Mantid/ 
:November,28,2013::11:44PM:: Finished RelWithDebInfo run for Mantid, branch master 
:November,28,2013::11:44PM:: Starting Release run for Mantid, branch master located in: d:/Data/Mantid_GIT_test/ 
:November,29,2013::12:13AM:: Finished Release run for Mantid, branch master 
:November,29,2013::12:13AM:: Starting Debug run for Mantid, branch master located in: d:/Data/Mantid_GIT_test/ 
:November,29,2013::12:40AM:: Finished Debug run for Mantid, branch master 
:November,29,2013::12:40AM:: Starting RelWithDebInfo run for Mantid, branch master located in: d:/Data/Mantid_GIT_test/ 
:November,29,2013::01:08AM:: Finished RelWithDebInfo run for Mantid, branch master 
:November,29,2013::01:08AM:: finished Mantid cron job job_description.xml
--------------------------------
----------------------------------------------------------------------
:November,29,2013::08:59AM:: Starting cron jobs for parameters: job_description.xml
----------------------------------------------------------------------
:November,29,2013::09:07AM:: Starting cron jobs for parameters: job_description.xml
----------------------------------------------------------------------
:November,29,2013::09:08AM:: Starting cron jobs for parameters: job_description.xml
----------------------------------------------------------------------
:November,29,2013::09:46AM:: Starting cron jobs for parameters: job_description.xml
:November,29,2013::09:46AM:: Starting Release run for Mantid, branch feature7529/ConvertToMD_Autolimits located in: c:/Mantid/ 
