----------------------------------------------------------------------
:October,23,2015::11:57PM:: Starting cron jobs for parameters: master_jobs.xml
:October,23,2015::11:57PM:: Starting Release run for Mantid, branch master located in: c:/Mantid/ 
+                           Build parameters: First build: True; Fast Build: False, Clean Build: True
:October,24,2015::01:43AM:: Finished Release run for Mantid, branch master 
:October,24,2015::01:43AM:: Skipping build Debug run for Mantid, branch master located in: c:/Mantid/ 
:October,24,2015::01:43AM:: Skipping build RelWithDebInfo run for Mantid, branch master located in: c:/Mantid/ 
:October,24,2015::01:43AM:: Starting Release run for Mantid, branch 14071_RenameWithMon located in: c:/Mantid/ 
+                           Build parameters: First build: True; Fast Build: False, Clean Build: True
:October,24,2015::03:27AM:: Finished Release run for Mantid, branch 14071 
:October,24,2015::03:27AM:: Starting Debug run for Mantid, branch 14071_RenameWithMon located in: c:/Mantid/ 
+                           Build parameters: First build: False; Fast Build: False, Clean Build: False
:October,24,2015::05:03AM:: Finished Debug run for Mantid, branch 14071 
:October,24,2015::05:03AM:: Skipping build RelWithDebInfo run for Mantid, branch 14071_RenameWithMon located in: c:/Mantid/ 
:October,24,2015::05:04AM:: Starting Release run for Mantid, branch master located in: d:/Data/MantidDevArea/testing_mantid/ 
+                           Build parameters: First build: True; Fast Build: False, Clean Build: True
+                           ERR: Can not execute msbuild for : Mantid.sln while building target project Release
:October,24,2015::06:57AM:: Starting Debug run for Mantid, branch master located in: d:/Data/MantidDevArea/testing_mantid/ 
+                           Build parameters: First build: True; Fast Build: False, Clean Build: False
:October,24,2015::08:40AM:: Finished Debug run for Mantid, branch master 
:October,24,2015::08:40AM:: Skipping build RelWithDebInfo run for Mantid, branch master located in: d:/Data/MantidDevArea/testing_mantid/ 
+                          , Can not prepare source branch: ERR: merging ERR: can not find the branch with ID 14083  to current branch to master, skipping this job
:October,24,2015::08:41AM:: Skipping job with ID 12551 
:October,24,2015::08:41AM:: Skipping job with ID develop 
:October,24,2015::08:41AM:: Skipping job with ID 9998 
:October,24,2015::08:41AM:: finished Mantid cron job master_jobs.xml
--------------------------------
